<?xml version="1.0" encoding="UTF-8"?>
<!-- Generated by org.testng.reporters.JUnitReportReporter -->
<testsuite skipped="0" hostname="LAPTOP-IQ3MHLUB" name="util.BrowserFactory" tests="1" failures="0" timestamp="2021-07-29T11:06:14 CDT" time="2.565" errors="0">
  <testcase name="init" time="2.565" classname="util.BrowserFactory"/>
  <system-out/>
</testsuite> <!-- util.BrowserFactory -->
