<?xml version="1.0" encoding="UTF-8"?>
<!-- Generated by org.testng.reporters.JUnitReportReporter -->
<testsuite skipped="0" hostname="LAPTOP-IQ3MHLUB" name="test.LoginTest" tests="1" failures="0" timestamp="2021-08-03T10:06:18 CDT" time="5.454" errors="0">
  <testcase name="loginTest" time="5.454" classname="test.LoginTest"/>
  <system-out/>
</testsuite> <!-- test.LoginTest -->
