<?xml version="1.0" encoding="UTF-8"?>
<!-- Generated by org.testng.reporters.JUnitReportReporter -->
<testsuite skipped="0" hostname="LAPTOP-IQ3MHLUB" name="test.AddCustomerTest" tests="1" failures="0" timestamp="2021-08-03T12:24:28 CDT" time="8.402" errors="0">
  <testcase name="validUserShouldBeAbleToCreateCustomer" time="8.402" classname="test.AddCustomerTest"/>
  <system-out/>
</testsuite> <!-- test.AddCustomerTest -->
